# JRE version: OpenJDK Runtime Environment (8.0_242-b01) (build 1.8.0_242-release-1644-b01)
# Java VM: OpenJDK 64-Bit Server VM (25.242-b01 mixed mode windows-amd64 compressed oops)
Heap:
 PSYoungGen      total 559616K, used 173857K [0x00000000d5580000, 0x0000000100000000, 0x0000000100000000)
  eden space 498176K, 34% used [0x00000000d5580000,0x00000000dff48438,0x00000000f3c00000)
  from space 61440K, 0% used [0x00000000fc400000,0x00000000fc400000,0x0000000100000000)
  to   space 100352K, 0% used [0x00000000f3c00000,0x00000000f3c00000,0x00000000f9e00000)
 ParOldGen       total 264192K, used 241164K [0x0000000080000000, 0x0000000090200000, 0x00000000d5580000)
  object space 264192K, 91% used [0x0000000080000000,0x000000008eb83308,0x0000000090200000)
 Metaspace       used 113571K, capacity 119966K, committed 120600K, reserved 1153024K
  class space    used 14711K, capacity 15996K, committed 16176K, reserved 1048576K
GC Heap History (10 events):
Event: 856.353 GC heap before
{Heap before GC invocations=60 (full 5):
 PSYoungGen      total 584704K, used 534016K [0x00000000d5580000, 0x00000000fc300000, 0x0000000100000000)
  eden space 534016K, 100% used [0x00000000d5580000,0x00000000f5f00000,0x00000000f5f00000)
  from space 50688K, 0% used [0x00000000f9180000,0x00000000f9180000,0x00000000fc300000)
  to   space 51200K, 0% used [0x00000000f5f00000,0x00000000f5f00000,0x00000000f9100000)
 ParOldGen       total 264192K, used 140695K [0x0000000080000000, 0x0000000090200000, 0x00000000d5580000)
  object space 264192K, 53% used [0x0000000080000000,0x0000000088965f90,0x0000000090200000)
 Metaspace       used 113495K, capacity 119880K, committed 120600K, reserved 1153024K
  class space    used 14708K, capacity 15995K, committed 16176K, reserved 1048576K
Event: 857.062 GC heap after
Heap after GC invocations=60 (full 5):
 PSYoungGen      total 585216K, used 8855K [0x00000000d5580000, 0x00000000fdf80000, 0x0000000100000000)
  eden space 534016K, 0% used [0x00000000d5580000,0x00000000d5580000,0x00000000f5f00000)
  from space 51200K, 17% used [0x00000000f5f00000,0x00000000f67a5ed0,0x00000000f9100000)
  to   space 49664K, 0% used [0x00000000faf00000,0x00000000faf00000,0x00000000fdf80000)
 ParOldGen       total 264192K, used 140703K [0x0000000080000000, 0x0000000090200000, 0x00000000d5580000)
  object space 264192K, 53% used [0x0000000080000000,0x0000000088967f90,0x0000000090200000)
 Metaspace       used 113495K, capacity 119880K, committed 120600K, reserved 1153024K
  class space    used 14708K, capacity 15995K, committed 16176K, reserved 1048576K
}
Event: 864.799 GC heap before
{Heap before GC invocations=61 (full 5):
 PSYoungGen      total 585216K, used 542871K [0x00000000d5580000, 0x00000000fdf80000, 0x0000000100000000)
  eden space 534016K, 100% used [0x00000000d5580000,0x00000000f5f00000,0x00000000f5f00000)
  from space 51200K, 17% used [0x00000000f5f00000,0x00000000f67a5ed0,0x00000000f9100000)
  to   space 49664K, 0% used [0x00000000faf00000,0x00000000faf00000,0x00000000fdf80000)
 ParOldGen       total 264192K, used 140747K [0x0000000080000000, 0x0000000090200000, 0x00000000d5580000)
  object space 264192K, 53% used [0x0000000080000000,0x0000000088972fb0,0x0000000090200000)
 Metaspace       used 113511K, capacity 119884K, committed 120600K, reserved 1153024K
  class space    used 14708K, capacity 15995K, committed 16176K, reserved 1048576K
Event: 865.689 GC heap after
Heap after GC invocations=61 (full 5):
 PSYoungGen      total 614400K, used 30416K [0x00000000d5580000, 0x00000000fe300000, 0x0000000100000000)
  eden space 564736K, 0% used [0x00000000d5580000,0x00000000d5580000,0x00000000f7d00000)
  from space 49664K, 61% used [0x00000000faf00000,0x00000000fccb4098,0x00000000fdf80000)
  to   space 51200K, 0% used [0x00000000f7d00000,0x00000000f7d00000,0x00000000faf00000)
 ParOldGen       total 264192K, used 140747K [0x0000000080000000, 0x0000000090200000, 0x00000000d5580000)
  object space 264192K, 53% used [0x0000000080000000,0x0000000088972fb0,0x0000000090200000)
 Metaspace       used 113511K, capacity 119884K, committed 120600K, reserved 1153024K
  class space    used 14708K, capacity 15995K, committed 16176K, reserved 1048576K
}
Event: 878.110 GC heap before
{Heap before GC invocations=62 (full 5):
 PSYoungGen      total 614400K, used 595152K [0x00000000d5580000, 0x00000000fe300000, 0x0000000100000000)
  eden space 564736K, 100% used [0x00000000d5580000,0x00000000f7d00000,0x00000000f7d00000)
  from space 49664K, 61% used [0x00000000faf00000,0x00000000fccb4098,0x00000000fdf80000)
  to   space 51200K, 0% used [0x00000000f7d00000,0x00000000f7d00000,0x00000000faf00000)
 ParOldGen       total 264192K, used 140747K [0x0000000080000000, 0x0000000090200000, 0x00000000d5580000)
  object space 264192K, 53% used [0x0000000080000000,0x0000000088972fb0,0x0000000090200000)
 Metaspace       used 113517K, capacity 119884K, committed 120600K, reserved 1153024K
  class space    used 14708K, capacity 15995K, committed 16176K, reserved 1048576K
Event: 880.024 GC heap after
Heap after GC invocations=62 (full 5):
 PSYoungGen      total 615936K, used 51190K [0x00000000d5580000, 0x0000000100000000, 0x0000000100000000)
  eden space 564736K, 0% used [0x00000000d5580000,0x00000000d5580000,0x00000000f7d00000)
  from space 51200K, 99% used [0x00000000f7d00000,0x00000000faefd848,0x00000000faf00000)
  to   space 61440K, 0% used [0x00000000fc400000,0x00000000fc400000,0x0000000100000000)
 ParOldGen       total 264192K, used 145785K [0x0000000080000000, 0x0000000090200000, 0x00000000d5580000)
  object space 264192K, 55% used [0x0000000080000000,0x0000000088e5e6e0,0x0000000090200000)
 Metaspace       used 113517K, capacity 119884K, committed 120600K, reserved 1153024K
  class space    used 14708K, capacity 15995K, committed 16176K, reserved 1048576K
}
Event: 901.022 GC heap before
{Heap before GC invocations=63 (full 5):
 PSYoungGen      total 615936K, used 615926K [0x00000000d5580000, 0x0000000100000000, 0x0000000100000000)
  eden space 564736K, 100% used [0x00000000d5580000,0x00000000f7d00000,0x00000000f7d00000)
  from space 51200K, 99% used [0x00000000f7d00000,0x00000000faefd848,0x00000000faf00000)
  to   space 61440K, 0% used [0x00000000fc400000,0x00000000fc400000,0x0000000100000000)
 ParOldGen       total 264192K, used 145785K [0x0000000080000000, 0x0000000090200000, 0x00000000d5580000)
  object space 264192K, 55% used [0x0000000080000000,0x0000000088e5e6e0,0x0000000090200000)
 Metaspace       used 113538K, capacity 119898K, committed 120600K, reserved 1153024K
  class space    used 14710K, capacity 15996K, committed 16176K, reserved 1048576K
Event: 911.234 GC heap after
Heap after GC invocations=63 (full 5):
 PSYoungGen      total 559616K, used 61415K [0x00000000d5580000, 0x0000000100000000, 0x0000000100000000)
  eden space 498176K, 0% used [0x00000000d5580000,0x00000000d5580000,0x00000000f3c00000)
  from space 61440K, 99% used [0x00000000fc400000,0x00000000ffff9e70,0x0000000100000000)
  to   space 100352K, 0% used [0x00000000f3c00000,0x00000000f3c00000,0x00000000f9e00000)
 ParOldGen       total 264192K, used 222525K [0x0000000080000000, 0x0000000090200000, 0x00000000d5580000)
  object space 264192K, 84% used [0x0000000080000000,0x000000008d94f448,0x0000000090200000)
 Metaspace       used 113538K, capacity 119898K, committed 120600K, reserved 1153024K
  class space    used 14710K, capacity 15996K, committed 16176K, reserved 1048576K
}
Event: 912.735 GC heap before
{Heap before GC invocations=64 (full 6):
 PSYoungGen      total 559616K, used 61415K [0x00000000d5580000, 0x0000000100000000, 0x0000000100000000)
  eden space 498176K, 0% used [0x00000000d5580000,0x00000000d5580000,0x00000000f3c00000)
  from space 61440K, 99% used [0x00000000fc400000,0x00000000ffff9e70,0x0000000100000000)
  to   space 100352K, 0% used [0x00000000f3c00000,0x00000000f3c00000,0x00000000f9e00000)
 ParOldGen       total 264192K, used 222525K [0x0000000080000000, 0x0000000090200000, 0x00000000d5580000)
  object space 264192K, 84% used [0x0000000080000000,0x000000008d94f448,0x0000000090200000)
 Metaspace       used 113538K, capacity 119898K, committed 120600K, reserved 1153024K
  class space    used 14710K, capacity 15996K, committed 16176K, reserved 1048576K
Event: 2750.079 GC heap after
Heap after GC invocations=64 (full 6):
 PSYoungGen      total 559616K, used 0K [0x00000000d5580000, 0x0000000100000000, 0x0000000100000000)
  eden space 498176K, 0% used [0x00000000d5580000,0x00000000d5580000,0x00000000f3c00000)
  from space 61440K, 0% used [0x00000000fc400000,0x00000000fc400000,0x0000000100000000)
  to   space 100352K, 0% used [0x00000000f3c00000,0x00000000f3c00000,0x00000000f9e00000)
 ParOldGen       total 264192K, used 241164K [0x0000000080000000, 0x0000000090200000, 0x00000000d5580000)
  object space 264192K, 91% used [0x0000000080000000,0x000000008eb83308,0x0000000090200000)
 Metaspace       used 113538K, capacity 119898K, committed 120600K, reserved 1153024K
  class space    used 14710K, capacity 15996K, committed 16176K, reserved 1048576K
}

